Сборка начата 08.11.2023 8:22:35.
Уровень детализации журнала: Normal.     1>Проект "D:\УНИВЕРСИТЕТ\Лабалаторные работы\Лр ВРПО\Лр ВРПО №1\Лр ВПРО №1\Лр ВПРО №1\Лр ВПРО №1.vcxproj" в узле 2 (целевые объекты Build).
     1>InitializeBuildStatus:
         Создание "x64\Debug\Лр ВПРО №1.tlog\unsuccessfulbuild", так как было задано "AlwaysCreate".
         Обращение к "x64\Debug\Лр ВПРО №1.tlog\unsuccessfulbuild".
       ClCompile:
         C:\Program Files\Microsoft Visual Studio\2022\Community\VC\Tools\MSVC\14.37.32822\bin\HostX64\x64\CL.exe /c /ZI /JMC /nologo /W3 /WX- /diagnostics:column /sdl /Od /D _DEBUG /D _CONSOLE /D _UNICODE /D UNICODE /Gm- /EHsc /RTC1 /MDd /GS /fp:precise /Zc:wchar_t /Zc:forScope /Zc:inline /permissive- /Fo"x64\Debug\\" /Fd"x64\Debug\vc143.pdb" /external:W3 /Gd /TP /FC /errorReport:prompt lr1.cpp "Лр ВПРО №1.cpp"
         lr1.cpp
         Лр ВПРО №1.cpp
         Создание кода...
       Link:
         C:\Program Files\Microsoft Visual Studio\2022\Community\VC\Tools\MSVC\14.37.32822\bin\HostX64\x64\link.exe /ERRORREPORT:PROMPT /OUT:"D:\УНИВЕРСИТЕТ\Лабалаторные работы\Лр ВРПО\Лр ВРПО №1\Лр ВПРО №1\x64\Debug\Лр ВПРО №1.exe" /INCREMENTAL /ILK:"x64\Debug\Лр ВПРО №1.ilk" /NOLOGO kernel32.lib user32.lib gdi32.lib winspool.lib comdlg32.lib advapi32.lib shell32.lib ole32.lib oleaut32.lib uuid.lib odbc32.lib odbccp32.lib /MANIFEST /MANIFESTUAC:"level='asInvoker' uiAccess='false'" /manifest:embed /DEBUG /PDB:"D:\УНИВЕРСИТЕТ\Лабалаторные работы\Лр ВРПО\Лр ВРПО №1\Лр ВПРО №1\x64\Debug\Лр ВПРО №1.pdb" /SUBSYSTEM:CONSOLE /TLBID:1 /DYNAMICBASE /NXCOMPAT /IMPLIB:"D:\УНИВЕРСИТЕТ\Лабалаторные работы\Лр ВРПО\Лр ВРПО №1\Лр ВПРО №1\x64\Debug\Лр ВПРО №1.lib" /MACHINE:X64 x64\Debug\lr1.obj
         "x64\Debug\Лр ВПРО №1.obj"
         Лр ВПРО №1.vcxproj -> D:\УНИВЕРСИТЕТ\Лабалаторные работы\Лр ВРПО\Лр ВРПО №1\Лр ВПРО №1\x64\Debug\Лр ВПРО №1.exe
       IncrementalClean:
         Файл "D:\УНИВЕРСИТЕТ\Лабалаторные работы\Лр ВРПО\Лр ВРПО №1\Лр ВПРО №1\Лр ВПРО №1\x64\Debug\NativeCodeAnalysis.read.1.tlog" удаляется.
         Файл "D:\УНИВЕРСИТЕТ\Лабалаторные работы\Лр ВРПО\Лр ВРПО №1\Лр ВПРО №1\x64\Debug\Лр ВПРО №1.exe.lastcodeanalysissucceeded" удаляется.
       FinalizeBuildStatus:
         Файл "x64\Debug\Лр ВПРО №1.tlog\unsuccessfulbuild" удаляется.
         Обращение к "x64\Debug\Лр ВПРО №1.tlog\Лр ВПРО №1.lastbuildstate".
     1>Сборка проекта "D:\УНИВЕРСИТЕТ\Лабалаторные работы\Лр ВРПО\Лр ВРПО №1\Лр ВПРО №1\Лр ВПРО №1\Лр ВПРО №1.vcxproj" завершена (целевые объекты Build).

Сборка успешно завершена.
    Предупреждений: 0
    Ошибок: 0

Прошло времени 00:00:07.85
