Сборка начата 26.12.2023 11:40:57.
Уровень детализации журнала: Normal.     1>Проект "D:\УНИВЕРСИТЕТ\Лабалаторные работы\Лр ВРПО\Лр ВРПО №4\попытка 2\попытка 2\попытка 2.vcxproj" в узле 2 (целевые объекты Build).
     1>InitializeBuildStatus:
         Обращение к "x64\Debug\попытка 2.tlog\unsuccessfulbuild".
       ClCompile:
         Для всех выходных данных обновления не требуется.
       Link:
         C:\Program Files\Microsoft Visual Studio\2022\Community\VC\Tools\MSVC\14.37.32822\bin\HostX64\x64\link.exe /ERRORREPORT:PROMPT /OUT:"D:\УНИВЕРСИТЕТ\Лабалаторные работы\Лр ВРПО\Лр ВРПО №4\попытка 2\x64\Debug\попытка 2.exe" /INCREMENTAL /ILK:"x64\Debug\попытка 2.ilk" /NOLOGO kernel32.lib user32.lib gdi32.lib winspool.lib comdlg32.lib advapi32.lib shell32.lib ole32.lib oleaut32.lib uuid.lib odbc32.lib odbccp32.lib /MANIFEST /MANIFESTUAC:"level='asInvoker' uiAccess='false'" /manifest:embed /DEBUG /PDB:"D:\УНИВЕРСИТЕТ\Лабалаторные работы\Лр ВРПО\Лр ВРПО №4\попытка 2\x64\Debug\попытка 2.pdb" /SUBSYSTEM:CONSOLE /TLBID:1 /DYNAMICBASE /NXCOMPAT /IMPLIB:"D:\УНИВЕРСИТЕТ\Лабалаторные работы\Лр ВРПО\Лр ВРПО №4\попытка 2\x64\Debug\попытка 2.lib" /MACHINE:X64 x64\Debug\getKirilich.obj
         x64\Debug\getLatin.obj
         x64\Debug\getNumber.obj
         "x64\Debug\попытка 2.obj"
         попытка 2.vcxproj -> D:\УНИВЕРСИТЕТ\Лабалаторные работы\Лр ВРПО\Лр ВРПО №4\попытка 2\x64\Debug\попытка 2.exe
       FinalizeBuildStatus:
         Файл "x64\Debug\попытка 2.tlog\unsuccessfulbuild" удаляется.
         Обращение к "x64\Debug\попытка 2.tlog\попытка 2.lastbuildstate".
     1>Сборка проекта "D:\УНИВЕРСИТЕТ\Лабалаторные работы\Лр ВРПО\Лр ВРПО №4\попытка 2\попытка 2\попытка 2.vcxproj" завершена (целевые объекты Build).

Сборка успешно завершена.
    Предупреждений: 0
    Ошибок: 0

Прошло времени 00:00:01.52
